
**** Build of configuration Debug for project L4B ****

/opt/ccstudio/ccs/utils/bin/gmake -k -j 12 all -O 
 
Building file: "../main.c"
Invoking: ARM Compiler
"/opt/ccstudio/ccs/tools/compiler/ti-cgt-arm_20.2.2.LTS/bin/armcl" -mv7M4 --code_state=16 --float_support=FPv4SPD16 -me --include_path="/opt/ccstudio/ccs/ccs_base/arm/include" --include_path="/opt/ccstudio/ccs/ccs_base/arm/include/CMSIS" --include_path="/Drive/.git_repo/TAMU_Projects/FALL_2020/ESET_369/Lab4/L4B" --include_path="/opt/ccstudio/ccs/tools/compiler/ti-cgt-arm_20.2.2.LTS/include" --advice:power=all --define=__MSP432P401R__ --define=ccs -g --c11 --gcc --diag_warning=225 --diag_wrap=off --display_error_number --abi=eabi --preproc_with_compile --preproc_dependency="main.d_raw" --verbose  "../main.c"
TI ARM C/C++ Compiler                   v20.2.2.LTS
Copyright (c) 1996-2018 Texas Instruments Incorporated
   "../main.c"   ==> main
   "../main.c"   ==> Pull_Up
   "../main.c"   ==> Pull_Down
   "../main.c"   ==> Monitor
   "../main.c"   ==> PxOUT
"../main.c", line 109: warning #70-D: integer conversion resulted in truncation
"../main.c", line 115: warning #70-D: integer conversion resulted in truncation
Finished building: "../main.c"
 
Building target: "L4B.out"
Invoking: ARM Linker
"/opt/ccstudio/ccs/tools/compiler/ti-cgt-arm_20.2.2.LTS/bin/armcl" -mv7M4 --code_state=16 --float_support=FPv4SPD16 -me --advice:power=all --define=__MSP432P401R__ --define=ccs -g --gcc --diag_warning=225 --diag_wrap=off --display_error_number --abi=eabi -z -m"L4B.map" --heap_size=1024 --stack_size=512 -i"/opt/ccstudio/ccs/ccs_base/arm/include" -i"/opt/ccstudio/ccs/tools/compiler/ti-cgt-arm_20.2.2.LTS/lib" -i"/opt/ccstudio/ccs/tools/compiler/ti-cgt-arm_20.2.2.LTS/include" --reread_libs --diag_wrap=off --display_error_number --warn_sections --xml_link_info="L4B_linkInfo.xml" --rom_model -o "L4B.out" "./PxSET.obj" "./main.obj" "./startup_msp432p401r_ccs.obj" "./system_msp432p401r.obj" "../msp432p401r.cmd"  -llibc.a 
<Linking>
remark #10371-D: (ULP 1.1) Detected no uses of low power mode state changing instructions
remark #10372-D: (ULP 4.1) Detected uninitialized Port 1 in this project. Recommend initializing all unused ports to eliminate wasted current consumption on unused pins.
remark #10372-D: (ULP 4.1) Detected uninitialized Port 2 in this project. Recommend initializing all unused ports to eliminate wasted current consumption on unused pins.
remark #10372-D: (ULP 4.1) Detected uninitialized Port 3 in this project. Recommend initializing all unused ports to eliminate wasted current consumption on unused pins.
remark #10372-D: (ULP 4.1) Detected uninitialized Port 4 in this project. Recommend initializing all unused ports to eliminate wasted current consumption on unused pins.
remark #10372-D: (ULP 4.1) Detected uninitialized Port 5 in this project. Recommend initializing all unused ports to eliminate wasted current consumption on unused pins.
remark #10372-D: (ULP 4.1) Detected uninitialized Port 6 in this project. Recommend initializing all unused ports to eliminate wasted current consumption on unused pins.
remark #10372-D: (ULP 4.1) Detected uninitialized Port 7 in this project. Recommend initializing all unused ports to eliminate wasted current consumption on unused pins.
remark #10372-D: (ULP 4.1) Detected uninitialized Port 8 in this project. Recommend initializing all unused ports to eliminate wasted current consumption on unused pins.
remark #10372-D: (ULP 4.1) Detected uninitialized Port 9 in this project. Recommend initializing all unused ports to eliminate wasted current consumption on unused pins.
remark #10372-D: (ULP 4.1) Detected uninitialized Port 10 in this project. Recommend initializing all unused ports to eliminate wasted current consumption on unused pins.
Finished building target: "L4B.out"
 

**** Build Finished ****
